<?xml version="1.0" encoding="utf-8"?><testsuites name="pytest tests"><testsuite name="pytest" errors="0" failures="0" skipped="0" tests="1" time="24.732" timestamp="2026-06-07T23:03:57.876879+01:00" hostname="DESKTOP-17V9HJ5"><properties><property name="Project" value="Play-Pro-V3" /><property name="Environment" value="QA" /><property name="Test Suite" value="Cart Suite Test" /></properties><testcase classname="properties.test_cart_empty" name="test_go_to_cart" file="properties\test_cart_empty.py" line="12" time="24.313"><properties><property name="Test" value="Cart Empty Navigation" /><property name="Priority" value="High" /><property name="Browser" value="Chrome" /><property name="Type" value="Functional" /><property name="URL" value="https://demotenant.playpro.fr/" /></properties></testcase></testsuite></testsuites>