<?xml version="1.0" encoding="utf-8"?><testsuites name="pytest tests"><testsuite name="pytest" errors="0" failures="1" skipped="0" tests="1" time="30.495" timestamp="2026-06-09T00:54:13.458923+01:00" hostname="DESKTOP-17V9HJ5"><properties><property name="Project" value="Play-Pro-V3" /><property name="Environment" value="QA" /><property name="Test Suite" value="Cart Suite Test" /></properties><testcase classname="properties.test_cart_empty" name="test_go_to_cart" file="properties\test_cart_empty.py" line="12" time="28.338"><properties><property name="Test" value="Cart Empty Navigation" /><property name="Priority" value="High" /><property name="Browser" value="Chrome" /><property name="Type" value="Functional" /><property name="URL" value="https://demotenant.playpro.fr/connexion" /></properties><failure message="AssertionError: assert ('https://demotenant.playpro.fr/' == 'https://demotenant.playpro.fr/Panier'&#10;  &#10;  - https://demotenant.playpro.fr/Panier&#10;  ?                               ------&#10;  + https://demotenant.playpro.fr/) is True">driver = &lt;selenium.webdriver.chrome.webdriver.WebDriver (session="2d272d2724307009adb5e303676d41ff")&gt;
request = &lt;FixtureRequest for &lt;Function test_go_to_cart&gt;&gt;
record_property = &lt;function record_property.&lt;locals&gt;.append_property at 0x0000024E15DB0220&gt;
record_testsuite_property = &lt;bound method LogXML.add_global_property of &lt;_pytest.junitxml.LogXML object at 0x0000024E15C12330&gt;&gt;

    def test_go_to_cart(driver, request, record_property, record_testsuite_property):
        # save global properties for test suite
        record_testsuite_property("Project", "Play-Pro-V3")
        record_testsuite_property("Environment", "QA")
        record_testsuite_property("Test Suite", "Cart Suite Test")
        # save private properties of test
        record_property("Test", "Cart Empty Navigation")
        record_property("Priority", "High")
        record_property("Browser", "Chrome")
        record_property("Type", "Functional")
        record_property("URL", driver.current_url)
        # define Actions class
        actions = ActionChains(driver)
        # locate panier web element
        panier_icon = Wait.wait(driver).until(EC.element_to_be_clickable((By.XPATH, "//a[@class='relative']")))
        actions.move_to_element(panier_icon)
        actions.click(panier_icon)
        actions.perform()
        # wait for 8s to allow to load page
        sleep(8)
        # assertion of url page
&gt;       assert (driver.current_url == "https://demotenant.playpro.fr/Panier") is True
E       AssertionError: assert ('https://demotenant.playpro.fr/' == 'https://demotenant.playpro.fr/Panier'
E         
E         - https://demotenant.playpro.fr/Panier
E         ?                               ------
E         + https://demotenant.playpro.fr/) is True

properties\test_cart_empty.py:34: AssertionError</failure></testcase></testsuite></testsuites>